[
  {
    "id": 3,
    "user_id": "4b246f91-e353-4550-af50-21e666c9b946",
    "first_name": "Prual",
    "last_name": "Sharma",
    "timestamp": "2026-06-03 14:43:53.221838",
    "status": "IN",
    "class_id": "TE MME",
    "subject_name": "Machine Learning",
    "session_type": "Extra"
  }
]
[
  {
    "id": 3,
    "user_id": "4b246f91-e353-4550-af50-21e666c9b946",
    "first_name": "Prual",
    "last_name": "Sharma",
    "timestamp": "2026-06-03 14:43:53.221838",
    "status": "IN",
    "class_id": "TE MME",
    "subject_name": "Machine Learning",
    "session_type": "Extra"
  }
]
[
  {
    "id": 4,
    "user_id": "ca725848-a1be-4f64-b208-2b812d0ef858",
    "first_name": "Bal ",
    "last_name": "Bhadur",
    "timestamp": "2026-06-03 14:52:40.692756",
    "status": "IN",
    "class_id": "TE MME",
    "subject_name": "Machine Learning",
    "session_type": "Extra"
  },
  {
    "id": 5,
    "user_id": "4b246f91-e353-4550-af50-21e666c9b946",
    "first_name": "Prual",
    "last_name": "Sharma",
    "timestamp": "2026-06-03 14:52:47.078013",
    "status": "IN",
    "class_id": "TE MME",
    "subject_name": "Machine Learning",
    "session_type": "Extra"
  },
  {
    "id": 6,
    "user_id": "ca725848-a1be-4f64-b208-2b812d0ef858",
    "first_name": "Bal ",
    "last_name": "Bhadur",
    "timestamp": "2026-06-03 14:52:59.849038",
    "status": "OUT",
    "class_id": "TE MME",
    "subject_name": "Machine Learning",
    "session_type": "Extra"
  }
]
[
  {
    "id": 4,
    "user_id": "ca725848-a1be-4f64-b208-2b812d0ef858",
    "first_name": "Bal ",
    "last_name": "Bhadur",
    "timestamp": "2026-06-03 14:52:40.692756",
    "status": "IN",
    "class_id": "TE MME",
    "subject_name": "Machine Learning",
    "session_type": "Extra"
  },
  {
    "id": 5,
    "user_id": "4b246f91-e353-4550-af50-21e666c9b946",
    "first_name": "Prual",
    "last_name": "Sharma",
    "timestamp": "2026-06-03 14:52:47.078013",
    "status": "IN",
    "class_id": "TE MME",
    "subject_name": "Machine Learning",
    "session_type": "Extra"
  },
  {
    "id": 6,
    "user_id": "ca725848-a1be-4f64-b208-2b812d0ef858",
    "first_name": "Bal ",
    "last_name": "Bhadur",
    "timestamp": "2026-06-03 14:52:59.849038",
    "status": "OUT",
    "class_id": "TE MME",
    "subject_name": "Machine Learning",
    "session_type": "Extra"
  }
]
[
  {
    "id": 4,
    "user_id": "ca725848-a1be-4f64-b208-2b812d0ef858",
    "first_name": "Bal ",
    "last_name": "Bhadur",
    "timestamp": "2026-06-03 14:52:40.692756",
    "status": "IN",
    "class_id": "TE MME",
    "subject_name": "Machine Learning",
    "session_type": "Extra"
  },
  {
    "id": 5,
    "user_id": "4b246f91-e353-4550-af50-21e666c9b946",
    "first_name": "Prual",
    "last_name": "Sharma",
    "timestamp": "2026-06-03 14:52:47.078013",
    "status": "IN",
    "class_id": "TE MME",
    "subject_name": "Machine Learning",
    "session_type": "Extra"
  },
  {
    "id": 6,
    "user_id": "ca725848-a1be-4f64-b208-2b812d0ef858",
    "first_name": "Bal ",
    "last_name": "Bhadur",
    "timestamp": "2026-06-03 14:52:59.849038",
    "status": "OUT",
    "class_id": "TE MME",
    "subject_name": "Machine Learning",
    "session_type": "Extra"
  }
]
[
  {
    "class_id": "TE MME",
    "first_name": "Bal ",
    "id": 7,
    "last_name": "Bhadur",
    "session_type": "Extra",
    "status": "IN",
    "subject_name": "Machine Learning",
    "timestamp": "2026-06-03 15:10:14.651326",
    "user_id": "ca725848-a1be-4f64-b208-2b812d0ef858"
  }
]
[
  {
    "id": 8,
    "user_id": "ca725848-a1be-4f64-b208-2b812d0ef858",
    "first_name": "Bal ",
    "last_name": "Bhadur",
    "timestamp": "2026-06-03 15:10:40.192132",
    "status": "IN",
    "class_id": "TE MME",
    "subject_name": "Machine Learning",
    "session_type": "Extra"
  }
]
[
  {
    "id": 9,
    "user_id": "ca725848-a1be-4f64-b208-2b812d0ef858",
    "first_name": "Bal ",
    "last_name": "Bhadur",
    "timestamp": "2026-06-03 15:11:33.674550",
    "status": "IN",
    "class_id": "TE MME",
    "subject_name": "Machine Learning",
    "session_type": "Extra"
  },
  {
    "id": 10,
    "user_id": "4b246f91-e353-4550-af50-21e666c9b946",
    "first_name": "Prual",
    "last_name": "Sharma",
    "timestamp": "2026-06-03 15:11:36.875790",
    "status": "IN",
    "class_id": "TE MME",
    "subject_name": "Machine Learning",
    "session_type": "Extra"
  },
  {
    "id": 11,
    "user_id": "ca725848-a1be-4f64-b208-2b812d0ef858",
    "first_name": "Bal ",
    "last_name": "Bhadur",
    "timestamp": "2026-06-03 15:11:47.276786",
    "status": "OUT",
    "class_id": "TE MME",
    "subject_name": "Machine Learning",
    "session_type": "Extra"
  }
]
[
  {
    "id": 12,
    "user_id": "ca725848-a1be-4f64-b208-2b812d0ef858",
    "first_name": "Bal ",
    "last_name": "Bhadur",
    "timestamp": "2026-06-03 15:27:41.869934",
    "status": "IN",
    "class_id": "TE MME",
    "subject_name": "Machine Learning",
    "session_type": "Extra"
  },
  {
    "id": 13,
    "user_id": "4b246f91-e353-4550-af50-21e666c9b946",
    "first_name": "Prual",
    "last_name": "Sharma",
    "timestamp": "2026-06-03 15:27:47.084420",
    "status": "IN",
    "class_id": "TE MME",
    "subject_name": "Machine Learning",
    "session_type": "Extra"
  },
  {
    "id": 14,
    "user_id": "ca725848-a1be-4f64-b208-2b812d0ef858",
    "first_name": "Bal ",
    "last_name": "Bhadur",
    "timestamp": "2026-06-03 15:27:55.238152",
    "status": "OUT",
    "class_id": "TE MME",
    "subject_name": "Machine Learning",
    "session_type": "Extra"
  }
]
[
  {
    "id": 15,
    "user_id": "ca725848-a1be-4f64-b208-2b812d0ef858",
    "first_name": "Bal ",
    "last_name": "Bhadur",
    "timestamp": "2026-06-03 15:32:25.656045",
    "status": "IN",
    "class_id": "TE MME",
    "subject_name": "Machine Learning",
    "session_type": "Extra"
  },
  {
    "id": 16,
    "user_id": "4b246f91-e353-4550-af50-21e666c9b946",
    "first_name": "Prual",
    "last_name": "Sharma",
    "timestamp": "2026-06-03 15:32:34.631735",
    "status": "IN",
    "class_id": "TE MME",
    "subject_name": "Machine Learning",
    "session_type": "Extra"
  },
  {
    "id": 17,
    "user_id": "f420284c-15f1-4427-acb6-1cf71c3e6793",
    "first_name": "Rahul",
    "last_name": "don",
    "timestamp": "2026-06-03 15:32:42.908287",
    "status": "IN",
    "class_id": "TE MME",
    "subject_name": "Machine Learning",
    "session_type": "Extra"
  },
  {
    "id": 18,
    "user_id": "f420284c-15f1-4427-acb6-1cf71c3e6793",
    "first_name": "Rahul",
    "last_name": "don",
    "timestamp": "2026-06-03 15:32:48.271762",
    "status": "OUT",
    "class_id": "TE MME",
    "subject_name": "Machine Learning",
    "session_type": "Extra"
  },
  {
    "id": 19,
    "user_id": "ca725848-a1be-4f64-b208-2b812d0ef858",
    "first_name": "Bal ",
    "last_name": "Bhadur",
    "timestamp": "2026-06-03 15:32:56.641624",
    "status": "OUT",
    "class_id": "TE MME",
    "subject_name": "Machine Learning",
    "session_type": "Extra"
  }
]
[
  {
    "id": 20,
    "user_id": "ca725848-a1be-4f64-b208-2b812d0ef858",
    "first_name": "Bal ",
    "last_name": "Bhadur",
    "timestamp": "2026-06-03 15:54:52.049238",
    "status": "IN",
    "class_id": "TE MME",
    "subject_name": "Machine Learning",
    "session_type": "Extra"
  },
  {
    "id": 21,
    "user_id": "4b246f91-e353-4550-af50-21e666c9b946",
    "first_name": "Prual",
    "last_name": "Sharma",
    "timestamp": "2026-06-03 15:54:56.396048",
    "status": "IN",
    "class_id": "TE MME",
    "subject_name": "Machine Learning",
    "session_type": "Extra"
  },
  {
    "id": 22,
    "user_id": "ca725848-a1be-4f64-b208-2b812d0ef858",
    "first_name": "Bal ",
    "last_name": "Bhadur",
    "timestamp": "2026-06-03 15:55:32.575755",
    "status": "OUT",
    "class_id": "TE MME",
    "subject_name": "Machine Learning",
    "session_type": "Extra"
  }
]
